<?xml version="1.0" encoding="UTF-8"?>
<!-- Generated by org.testng.reporters.JUnitXMLReporter -->
<testsuite hostname="WKWCO4245083" ignored="0" tests="9" failures="0" timestamp="24 Feb 2021 23:50:51 GMT" time="14.402" errors="0">
  <testcase name="A1Test_validate_specific_comment" time="0.762" classname="CommentTest"/>
  <testcase name="A2Test_Update_comment" time="0.828" classname="CommentTest"/>
  <testcase name="A3Test_delete_comment" time="0.648" classname="CommentTest"/>
  <testcase name="Test_Create_comment_success" time="0.71" classname="CommentTest"/>
  <testcase name="Test_try_to_Create_comment_Unauthorized" time="0.644" classname="CommentTest"/>
  <testcase name="Test_try_to_delete_nonexistent_comment" time="0.567" classname="CommentTest"/>
  <testcase name="Test_try_to_show_nonexistent_comment" time="0.904" classname="CommentTest"/>
  <testcase name="Test_try_to_update_nonexistent_comment" time="1.23" classname="CommentTest"/>
  <testcase name="Test_validate_All_Comments" time="1.28" classname="CommentTest"/>
</testsuite>
