<?xml version="1.0" encoding="UTF-8"?>
<testsuite xmlns:xsi="http://www.w3.org/2001/XMLSchema-instance" xsi:noNamespaceSchemaLocation="https://maven.apache.org/surefire/maven-surefire-plugin/xsd/surefire-test-report.xsd" name="TestSuite" time="17.591" tests="19" errors="0" skipped="0" failures="0">
  <properties>
[...]
</properties>
  <testcase name="A1Test_update_Post" classname="postTest" time="0.606"/>
  <testcase name="A1Test_validate_specific_comment" classname="CommentTest" time="0.155"/>
  <testcase name="A2Test_Update_comment" classname="CommentTest" time="0.828"/>
  <testcase name="A2Test_validate_Specific_Post" classname="postTest" time="0.411"/>
  <testcase name="A3Test_delete_comment" classname="CommentTest" time="0.237"/>
  <testcase name="Test_CreatePost_success" classname="postTest" time="1.32"/>
  <testcase name="Test_Invalid_Token_Cant_Create_New_Post" classname="postTest" time="0.404"/>
  <testcase name="Test_Create_comment_success" classname="CommentTest" time="0.306"/>
  <testcase name="Test_try_to_Create_comment_Unauthorized" classname="CommentTest" time="0.644"/>
  <testcase name="Test_delete_Post" classname="postTest" time="0.148"/>
  <testcase name="Test_try_to_delete_nonexistent_comment" classname="CommentTest" time="0.42"/>
  <testcase name="Test_try_to_show_nonexistent_comment" classname="CommentTest" time="0.903"/>
  <testcase name="Test_try_to_delete_nonexistent_Post" classname="postTest" time="0.138"/>
  <testcase name="Test_try_to_update_nonexistent_comment" classname="CommentTest" time="1.093"/>
  <testcase name="Test_try_to_list_nonexistent_Post" classname="postTest" time="0.801"/>
  <testcase name="Test_validate_All_Comments" classname="CommentTest" time="0.479"/>
  <testcase name="Test_try_to_update_nonexistent_Post" classname="postTest" time="1.139"/>
  <testcase name="Test_validateAll_posts_Schema" classname="postTest" time="1.238"/>
  <testcase name="Test_validate_try_to_list_posts_no_login" classname="postTest" time="0.498"/>
</testsuite>